[ 2016-05-03T09:56:46+08:00 ] 140.207.54.76 /WechatPlatform/index.php/Home/Index/index?signature=eb00a0ce167eb7d5e9ba8c00d5eabffd629967f5&timestamp=1462240605&nonce=469571419
INFO: [ app_init ] --START--
INFO: Run Behavior\BuildLiteBehavior [ RunTime:0.000058s ]
INFO: [ app_init ] --END-- [ RunTime:0.001727s ]
INFO: [ app_begin ] --START--
INFO: Run Behavior\ReadHtmlCacheBehavior [ RunTime:0.001069s ]
INFO: [ app_begin ] --END-- [ RunTime:0.001314s ]
NOTIC: [2048] Declaration of Home\Controller\IndexController::show() should be compatible with that of Think\Controller::show() D:\wamp\www\WechatPlatform\APP\Home\Controller\IndexController.class.php 第 185 行.
NOTIC: [8] Undefined index: echostr D:\wamp\www\WechatPlatform\APP\Home\Controller\IndexController.class.php 第 16 行.
INFO: [ app_end ] --START--
INFO: Run Behavior\ShowPageTraceBehavior [ RunTime:0.001109s ]
INFO: [ app_end ] --END-- [ RunTime:0.001369s ]

[ 2016-05-03T09:56:47+08:00 ] 140.207.54.76 /WechatPlatform/index.php/Home/Index/index?signature=ba1f961d7b6c8faf167c7cc98e2a1fb24ada4d45&timestamp=1462240607&nonce=663293801
INFO: [ app_init ] --START--
INFO: Run Behavior\BuildLiteBehavior [ RunTime:0.000052s ]
INFO: [ app_init ] --END-- [ RunTime:0.000611s ]
INFO: [ app_begin ] --START--
INFO: Run Behavior\ReadHtmlCacheBehavior [ RunTime:0.000710s ]
INFO: [ app_begin ] --END-- [ RunTime:0.000948s ]
NOTIC: [2048] Declaration of Home\Controller\IndexController::show() should be compatible with that of Think\Controller::show() D:\wamp\www\WechatPlatform\APP\Home\Controller\IndexController.class.php 第 185 行.
NOTIC: [8] Undefined index: echostr D:\wamp\www\WechatPlatform\APP\Home\Controller\IndexController.class.php 第 16 行.
INFO: [ app_end ] --START--
INFO: Run Behavior\ShowPageTraceBehavior [ RunTime:0.000648s ]
INFO: [ app_end ] --END-- [ RunTime:0.000922s ]

[ 2016-05-03T09:56:59+08:00 ] 140.207.54.76 /WechatPlatform/index.php/Home/Index/index?signature=ea60a22ac59ae862acc31110d155c731b5bd221d&timestamp=1462240619&nonce=579551986
INFO: [ app_init ] --START--
INFO: Run Behavior\BuildLiteBehavior [ RunTime:0.000055s ]
INFO: [ app_init ] --END-- [ RunTime:0.000623s ]
INFO: [ app_begin ] --START--
INFO: Run Behavior\ReadHtmlCacheBehavior [ RunTime:0.000683s ]
INFO: [ app_begin ] --END-- [ RunTime:0.000932s ]
NOTIC: [2048] Declaration of Home\Controller\IndexController::show() should be compatible with that of Think\Controller::show() D:\wamp\www\WechatPlatform\APP\Home\Controller\IndexController.class.php 第 185 行.
NOTIC: [8] Undefined index: echostr D:\wamp\www\WechatPlatform\APP\Home\Controller\IndexController.class.php 第 16 行.
INFO: [ app_end ] --START--
INFO: Run Behavior\ShowPageTraceBehavior [ RunTime:0.000682s ]
INFO: [ app_end ] --END-- [ RunTime:0.000925s ]

[ 2016-05-03T09:57:00+08:00 ] 140.207.54.76 /WechatPlatform/index.php/Home/Index/index?signature=7bc444c98bd2e9a82c963b9c84b2abdc9feb5975&timestamp=1462240620&nonce=550341308
INFO: [ app_init ] --START--
INFO: Run Behavior\BuildLiteBehavior [ RunTime:0.000049s ]
INFO: [ app_init ] --END-- [ RunTime:0.000591s ]
INFO: [ app_begin ] --START--
INFO: Run Behavior\ReadHtmlCacheBehavior [ RunTime:0.000580s ]
INFO: [ app_begin ] --END-- [ RunTime:0.000819s ]
NOTIC: [2048] Declaration of Home\Controller\IndexController::show() should be compatible with that of Think\Controller::show() D:\wamp\www\WechatPlatform\APP\Home\Controller\IndexController.class.php 第 185 行.
NOTIC: [8] Undefined index: echostr D:\wamp\www\WechatPlatform\APP\Home\Controller\IndexController.class.php 第 16 行.
INFO: [ app_end ] --START--
INFO: Run Behavior\ShowPageTraceBehavior [ RunTime:0.000635s ]
INFO: [ app_end ] --END-- [ RunTime:0.000899s ]

[ 2016-05-03T10:35:50+08:00 ] 140.207.54.76 /WechatPlatform/index.php/Home/Index/index?signature=1dfc8e916c657af1c1a73b0c1629052547daa778&timestamp=1462242950&nonce=701134002
INFO: [ app_init ] --START--
INFO: Run Behavior\BuildLiteBehavior [ RunTime:0.000049s ]
INFO: [ app_init ] --END-- [ RunTime:0.000632s ]
INFO: [ app_begin ] --START--
INFO: Run Behavior\ReadHtmlCacheBehavior [ RunTime:0.000694s ]
INFO: [ app_begin ] --END-- [ RunTime:0.000937s ]

[ 2016-05-03T10:35:52+08:00 ] 140.207.54.76 /WechatPlatform/index.php/Home/Index/index?signature=f6c0d89c60ea2c2ae4d4463822e7a0879d513439&timestamp=1462242952&nonce=676775736
INFO: [ app_init ] --START--
INFO: Run Behavior\BuildLiteBehavior [ RunTime:0.000049s ]
INFO: [ app_init ] --END-- [ RunTime:0.000600s ]
INFO: [ app_begin ] --START--
INFO: Run Behavior\ReadHtmlCacheBehavior [ RunTime:0.000598s ]
INFO: [ app_begin ] --END-- [ RunTime:0.000839s ]

[ 2016-05-03T10:35:54+08:00 ] 140.207.54.78 /WechatPlatform/index.php/Home/Index/index?signature=ca9dbd718f032b93bfed6f5a5dac7a75ea170579&timestamp=1462242954&nonce=149132196
INFO: [ app_init ] --START--
INFO: Run Behavior\BuildLiteBehavior [ RunTime:0.000052s ]
INFO: [ app_init ] --END-- [ RunTime:0.000616s ]
INFO: [ app_begin ] --START--
INFO: Run Behavior\ReadHtmlCacheBehavior [ RunTime:0.000848s ]
INFO: [ app_begin ] --END-- [ RunTime:0.001088s ]

[ 2016-05-03T10:36:01+08:00 ] 140.207.54.76 /WechatPlatform/index.php/Home/Index/index?signature=8650f10f208fdb0a3a1fb0644b33803442023bde&timestamp=1462242961&nonce=2029855201
INFO: [ app_init ] --START--
INFO: Run Behavior\BuildLiteBehavior [ RunTime:0.000054s ]
INFO: [ app_init ] --END-- [ RunTime:0.000634s ]
INFO: [ app_begin ] --START--
INFO: Run Behavior\ReadHtmlCacheBehavior [ RunTime:0.000625s ]
INFO: [ app_begin ] --END-- [ RunTime:0.000866s ]

[ 2016-05-03T10:36:12+08:00 ] 140.207.54.76 /WechatPlatform/index.php/Home/Index/index?signature=efe4428d4bdd342e836c2fcead439b7932b18ea2&timestamp=1462242972&nonce=55240269
INFO: [ app_init ] --START--
INFO: Run Behavior\BuildLiteBehavior [ RunTime:0.000050s ]
INFO: [ app_init ] --END-- [ RunTime:0.000592s ]
INFO: [ app_begin ] --START--
INFO: Run Behavior\ReadHtmlCacheBehavior [ RunTime:0.000583s ]
INFO: [ app_begin ] --END-- [ RunTime:0.000822s ]

[ 2016-05-03T10:36:15+08:00 ] 140.207.54.76 /WechatPlatform/index.php/Home/Index/index?signature=8fe42fc0a953d8563120139a3d93c4c7612c12ed&timestamp=1462242975&nonce=791917814
INFO: [ app_init ] --START--
INFO: Run Behavior\BuildLiteBehavior [ RunTime:0.000049s ]
INFO: [ app_init ] --END-- [ RunTime:0.000595s ]
INFO: [ app_begin ] --START--
INFO: Run Behavior\ReadHtmlCacheBehavior [ RunTime:0.000615s ]
INFO: [ app_begin ] --END-- [ RunTime:0.000857s ]

[ 2016-05-03T10:36:56+08:00 ] 140.207.54.80 /WechatPlatform/index.php/Home/Index/index?signature=6997bc3c18ed7a1d55c8070b2e4a86f9a28ae5ad&timestamp=1462243017&nonce=2032573450
INFO: [ app_init ] --START--
INFO: Run Behavior\BuildLiteBehavior [ RunTime:0.000049s ]
INFO: [ app_init ] --END-- [ RunTime:0.000591s ]
INFO: [ app_begin ] --START--
INFO: Run Behavior\ReadHtmlCacheBehavior [ RunTime:0.000582s ]
INFO: [ app_begin ] --END-- [ RunTime:0.000821s ]
NOTIC: [2048] Declaration of Home\Controller\IndexController::show() should be compatible with that of Think\Controller::show() D:\wamp\www\WechatPlatform\APP\Home\Controller\IndexController.class.php 第 185 行.
NOTIC: [8] Undefined index: echostr D:\wamp\www\WechatPlatform\APP\Home\Controller\IndexController.class.php 第 16 行.
INFO: [ app_end ] --START--
INFO: Run Behavior\ShowPageTraceBehavior [ RunTime:0.000697s ]
INFO: [ app_end ] --END-- [ RunTime:0.000938s ]

[ 2016-05-03T10:37:09+08:00 ] 140.207.54.76 /WechatPlatform/index.php/Home/Index/index?signature=f85f95b6b9f708ffbb4e0fe3fb9d24ddf0454795&timestamp=1462243029&nonce=944736635
INFO: [ app_init ] --START--
INFO: Run Behavior\BuildLiteBehavior [ RunTime:0.000050s ]
INFO: [ app_init ] --END-- [ RunTime:0.000608s ]
INFO: [ app_begin ] --START--
INFO: Run Behavior\ReadHtmlCacheBehavior [ RunTime:0.000594s ]
INFO: [ app_begin ] --END-- [ RunTime:0.000841s ]
NOTIC: [2048] Declaration of Home\Controller\IndexController::show() should be compatible with that of Think\Controller::show() D:\wamp\www\WechatPlatform\APP\Home\Controller\IndexController.class.php 第 185 行.
NOTIC: [8] Undefined index: echostr D:\wamp\www\WechatPlatform\APP\Home\Controller\IndexController.class.php 第 16 行.
INFO: [ app_end ] --START--
INFO: Run Behavior\ShowPageTraceBehavior [ RunTime:0.000626s ]
INFO: [ app_end ] --END-- [ RunTime:0.000873s ]

[ 2016-05-03T10:39:18+08:00 ] 140.207.54.78 /WechatPlatform/index.php/Home/Index/index?signature=73360aaa2ab751f137e1557802bf7cbb6eaca2bd&timestamp=1462243158&nonce=1874421558
INFO: [ app_init ] --START--
INFO: Run Behavior\BuildLiteBehavior [ RunTime:0.000050s ]
INFO: [ app_init ] --END-- [ RunTime:0.000631s ]
INFO: [ app_begin ] --START--
INFO: Run Behavior\ReadHtmlCacheBehavior [ RunTime:0.000704s ]
INFO: [ app_begin ] --END-- [ RunTime:0.000947s ]
NOTIC: [2048] Declaration of Home\Controller\IndexController::show() should be compatible with that of Think\Controller::show() D:\wamp\www\WechatPlatform\APP\Home\Controller\IndexController.class.php 第 191 行.
NOTIC: [8] Undefined index: echostr D:\wamp\www\WechatPlatform\APP\Home\Controller\IndexController.class.php 第 16 行.
INFO: [ app_end ] --START--
INFO: Run Behavior\ShowPageTraceBehavior [ RunTime:0.000713s ]
INFO: [ app_end ] --END-- [ RunTime:0.000953s ]

[ 2016-05-03T10:39:22+08:00 ] 140.207.54.76 /WechatPlatform/index.php/Home/Index/index?signature=ba177beaf8bd3ad0f8073bae6f75e49252d6c71f&timestamp=1462243162&nonce=422029321
INFO: [ app_init ] --START--
INFO: Run Behavior\BuildLiteBehavior [ RunTime:0.000050s ]
INFO: [ app_init ] --END-- [ RunTime:0.000616s ]
INFO: [ app_begin ] --START--
INFO: Run Behavior\ReadHtmlCacheBehavior [ RunTime:0.000655s ]
INFO: [ app_begin ] --END-- [ RunTime:0.000916s ]
NOTIC: [2048] Declaration of Home\Controller\IndexController::show() should be compatible with that of Think\Controller::show() D:\wamp\www\WechatPlatform\APP\Home\Controller\IndexController.class.php 第 191 行.
NOTIC: [8] Undefined index: echostr D:\wamp\www\WechatPlatform\APP\Home\Controller\IndexController.class.php 第 16 行.
INFO: [ app_end ] --START--
INFO: Run Behavior\ShowPageTraceBehavior [ RunTime:0.000628s ]
INFO: [ app_end ] --END-- [ RunTime:0.000868s ]

[ 2016-05-03T10:39:28+08:00 ] 140.207.54.76 /WechatPlatform/index.php/Home/Index/index?signature=3cc30d33b2526e8cd7bffc9264f0a1ad0f0d6c94&timestamp=1462243169&nonce=1346274878
INFO: [ app_init ] --START--
INFO: Run Behavior\BuildLiteBehavior [ RunTime:0.000061s ]
INFO: [ app_init ] --END-- [ RunTime:0.000629s ]
INFO: [ app_begin ] --START--
INFO: Run Behavior\ReadHtmlCacheBehavior [ RunTime:0.000612s ]
INFO: [ app_begin ] --END-- [ RunTime:0.000871s ]
NOTIC: [2048] Declaration of Home\Controller\IndexController::show() should be compatible with that of Think\Controller::show() D:\wamp\www\WechatPlatform\APP\Home\Controller\IndexController.class.php 第 191 行.
NOTIC: [8] Undefined index: echostr D:\wamp\www\WechatPlatform\APP\Home\Controller\IndexController.class.php 第 16 行.
INFO: [ app_end ] --START--
INFO: Run Behavior\ShowPageTraceBehavior [ RunTime:0.000729s ]
INFO: [ app_end ] --END-- [ RunTime:0.000968s ]

[ 2016-05-03T10:39:34+08:00 ] 140.207.54.77 /WechatPlatform/index.php/Home/Index/index?signature=1a4408c97d126f8a9fecb277b9d903c517108529&timestamp=1462243174&nonce=1100018637
INFO: [ app_init ] --START--
INFO: Run Behavior\BuildLiteBehavior [ RunTime:0.000048s ]
INFO: [ app_init ] --END-- [ RunTime:0.000591s ]
INFO: [ app_begin ] --START--
INFO: Run Behavior\ReadHtmlCacheBehavior [ RunTime:0.000865s ]
INFO: [ app_begin ] --END-- [ RunTime:0.001105s ]
NOTIC: [2048] Declaration of Home\Controller\IndexController::show() should be compatible with that of Think\Controller::show() D:\wamp\www\WechatPlatform\APP\Home\Controller\IndexController.class.php 第 191 行.
NOTIC: [8] Undefined index: echostr D:\wamp\www\WechatPlatform\APP\Home\Controller\IndexController.class.php 第 16 行.
INFO: [ app_end ] --START--
INFO: Run Behavior\ShowPageTraceBehavior [ RunTime:0.000629s ]
INFO: [ app_end ] --END-- [ RunTime:0.000871s ]

[ 2016-05-03T10:39:36+08:00 ] 140.207.54.76 /WechatPlatform/index.php/Home/Index/index?signature=8855b60c42b5b70d4cc31e9b41abbc259d6431ce&timestamp=1462243176&nonce=1458216954
INFO: [ app_init ] --START--
INFO: Run Behavior\BuildLiteBehavior [ RunTime:0.000054s ]
INFO: [ app_init ] --END-- [ RunTime:0.000620s ]
INFO: [ app_begin ] --START--
INFO: Run Behavior\ReadHtmlCacheBehavior [ RunTime:0.000605s ]
INFO: [ app_begin ] --END-- [ RunTime:0.000903s ]
NOTIC: [2048] Declaration of Home\Controller\IndexController::show() should be compatible with that of Think\Controller::show() D:\wamp\www\WechatPlatform\APP\Home\Controller\IndexController.class.php 第 191 行.
NOTIC: [8] Undefined index: echostr D:\wamp\www\WechatPlatform\APP\Home\Controller\IndexController.class.php 第 16 行.
INFO: [ app_end ] --START--
INFO: Run Behavior\ShowPageTraceBehavior [ RunTime:0.000621s ]
INFO: [ app_end ] --END-- [ RunTime:0.000942s ]

[ 2016-05-03T10:40:53+08:00 ] 140.207.54.76 /WechatPlatform/index.php/Home/Index/index?signature=e4fdb45f9a3e7e090816ba98455623e27d82acc5&timestamp=1462243253&nonce=1754279788
INFO: [ app_init ] --START--
INFO: Run Behavior\BuildLiteBehavior [ RunTime:0.000057s ]
INFO: [ app_init ] --END-- [ RunTime:0.000904s ]
INFO: [ app_begin ] --START--
INFO: Run Behavior\ReadHtmlCacheBehavior [ RunTime:0.000914s ]
INFO: [ app_begin ] --END-- [ RunTime:0.001158s ]
NOTIC: [2048] Declaration of Home\Controller\IndexController::show() should be compatible with that of Think\Controller::show() D:\wamp\www\WechatPlatform\APP\Home\Controller\IndexController.class.php 第 190 行.
NOTIC: [8] Undefined index: echostr D:\wamp\www\WechatPlatform\APP\Home\Controller\IndexController.class.php 第 16 行.
INFO: [ app_end ] --START--
INFO: Run Behavior\ShowPageTraceBehavior [ RunTime:0.000908s ]
INFO: [ app_end ] --END-- [ RunTime:0.001169s ]

[ 2016-05-03T10:40:55+08:00 ] 140.207.54.76 /WechatPlatform/index.php/Home/Index/index?signature=7249789547ddce563dabc3d020280ed58ebabf09&timestamp=1462243255&nonce=418775140
INFO: [ app_init ] --START--
INFO: Run Behavior\BuildLiteBehavior [ RunTime:0.000050s ]
INFO: [ app_init ] --END-- [ RunTime:0.000599s ]
INFO: [ app_begin ] --START--
INFO: Run Behavior\ReadHtmlCacheBehavior [ RunTime:0.000656s ]
INFO: [ app_begin ] --END-- [ RunTime:0.000895s ]
NOTIC: [2048] Declaration of Home\Controller\IndexController::show() should be compatible with that of Think\Controller::show() D:\wamp\www\WechatPlatform\APP\Home\Controller\IndexController.class.php 第 190 行.
NOTIC: [8] Undefined index: echostr D:\wamp\www\WechatPlatform\APP\Home\Controller\IndexController.class.php 第 16 行.
INFO: [ app_end ] --START--
INFO: Run Behavior\ShowPageTraceBehavior [ RunTime:0.000633s ]
INFO: [ app_end ] --END-- [ RunTime:0.000871s ]

[ 2016-05-03T10:40:57+08:00 ] 140.207.54.76 /WechatPlatform/index.php/Home/Index/index?signature=84f636347ed957a83f0a102d3ef03c5b7e55b0e7&timestamp=1462243257&nonce=2003170176
INFO: [ app_init ] --START--
INFO: Run Behavior\BuildLiteBehavior [ RunTime:0.000048s ]
INFO: [ app_init ] --END-- [ RunTime:0.000596s ]
INFO: [ app_begin ] --START--
INFO: Run Behavior\ReadHtmlCacheBehavior [ RunTime:0.000710s ]
INFO: [ app_begin ] --END-- [ RunTime:0.000950s ]
NOTIC: [2048] Declaration of Home\Controller\IndexController::show() should be compatible with that of Think\Controller::show() D:\wamp\www\WechatPlatform\APP\Home\Controller\IndexController.class.php 第 190 行.
NOTIC: [8] Undefined index: echostr D:\wamp\www\WechatPlatform\APP\Home\Controller\IndexController.class.php 第 16 行.
INFO: [ app_end ] --START--
INFO: Run Behavior\ShowPageTraceBehavior [ RunTime:0.000660s ]
INFO: [ app_end ] --END-- [ RunTime:0.000909s ]

[ 2016-05-03T10:40:58+08:00 ] 140.207.54.76 /WechatPlatform/index.php/Home/Index/index?signature=5d796f628ab3daefc42e99baf93d003b590b6aa2&timestamp=1462243259&nonce=1525674296
INFO: [ app_init ] --START--
INFO: Run Behavior\BuildLiteBehavior [ RunTime:0.000054s ]
INFO: [ app_init ] --END-- [ RunTime:0.000627s ]
INFO: [ app_begin ] --START--
INFO: Run Behavior\ReadHtmlCacheBehavior [ RunTime:0.000602s ]
INFO: [ app_begin ] --END-- [ RunTime:0.000859s ]
NOTIC: [2048] Declaration of Home\Controller\IndexController::show() should be compatible with that of Think\Controller::show() D:\wamp\www\WechatPlatform\APP\Home\Controller\IndexController.class.php 第 190 行.
NOTIC: [8] Undefined index: echostr D:\wamp\www\WechatPlatform\APP\Home\Controller\IndexController.class.php 第 16 行.
INFO: [ app_end ] --START--
INFO: Run Behavior\ShowPageTraceBehavior [ RunTime:0.000627s ]
INFO: [ app_end ] --END-- [ RunTime:0.000884s ]

[ 2016-05-03T10:41:02+08:00 ] 140.207.54.76 /WechatPlatform/index.php/Home/Index/index?signature=609b61c52e8a3920bfeccdbf440026f15bf35eb8&timestamp=1462243262&nonce=2135889972
INFO: [ app_init ] --START--
INFO: Run Behavior\BuildLiteBehavior [ RunTime:0.000053s ]
INFO: [ app_init ] --END-- [ RunTime:0.000630s ]
INFO: [ app_begin ] --START--
INFO: Run Behavior\ReadHtmlCacheBehavior [ RunTime:0.000655s ]
INFO: [ app_begin ] --END-- [ RunTime:0.000910s ]
NOTIC: [2048] Declaration of Home\Controller\IndexController::show() should be compatible with that of Think\Controller::show() D:\wamp\www\WechatPlatform\APP\Home\Controller\IndexController.class.php 第 190 行.
NOTIC: [8] Undefined index: echostr D:\wamp\www\WechatPlatform\APP\Home\Controller\IndexController.class.php 第 16 行.
INFO: [ app_end ] --START--
INFO: Run Behavior\ShowPageTraceBehavior [ RunTime:0.000691s ]
INFO: [ app_end ] --END-- [ RunTime:0.000947s ]

[ 2016-05-03T10:41:07+08:00 ] 140.207.54.76 /WechatPlatform/index.php/Home/Index/index?signature=ced7d8b066aaaaaec2604bda1501aa4db1047779&timestamp=1462243267&nonce=1289603014
INFO: [ app_init ] --START--
INFO: Run Behavior\BuildLiteBehavior [ RunTime:0.000055s ]
INFO: [ app_init ] --END-- [ RunTime:0.000641s ]
INFO: [ app_begin ] --START--
INFO: Run Behavior\ReadHtmlCacheBehavior [ RunTime:0.000620s ]
INFO: [ app_begin ] --END-- [ RunTime:0.000862s ]
NOTIC: [2048] Declaration of Home\Controller\IndexController::show() should be compatible with that of Think\Controller::show() D:\wamp\www\WechatPlatform\APP\Home\Controller\IndexController.class.php 第 190 行.
NOTIC: [8] Undefined index: echostr D:\wamp\www\WechatPlatform\APP\Home\Controller\IndexController.class.php 第 16 行.
INFO: [ app_end ] --START--
INFO: Run Behavior\ShowPageTraceBehavior [ RunTime:0.000625s ]
INFO: [ app_end ] --END-- [ RunTime:0.000863s ]

[ 2016-05-03T10:41:09+08:00 ] 140.207.54.76 /WechatPlatform/index.php/Home/Index/index?signature=ab93a480f8d36607fc33d2ccdcf2feab47f5dff6&timestamp=1462243269&nonce=930792428
INFO: [ app_init ] --START--
INFO: Run Behavior\BuildLiteBehavior [ RunTime:0.000054s ]
INFO: [ app_init ] --END-- [ RunTime:0.000636s ]
INFO: [ app_begin ] --START--
INFO: Run Behavior\ReadHtmlCacheBehavior [ RunTime:0.000607s ]
INFO: [ app_begin ] --END-- [ RunTime:0.000852s ]
NOTIC: [2048] Declaration of Home\Controller\IndexController::show() should be compatible with that of Think\Controller::show() D:\wamp\www\WechatPlatform\APP\Home\Controller\IndexController.class.php 第 190 行.
NOTIC: [8] Undefined index: echostr D:\wamp\www\WechatPlatform\APP\Home\Controller\IndexController.class.php 第 16 行.
INFO: [ app_end ] --START--
INFO: Run Behavior\ShowPageTraceBehavior [ RunTime:0.000650s ]
INFO: [ app_end ] --END-- [ RunTime:0.000893s ]

[ 2016-05-03T10:41:10+08:00 ] 140.207.54.76 /WechatPlatform/index.php/Home/Index/index?signature=d69f6e346fe26c98a8f81eee127a47960497beb9&timestamp=1462243270&nonce=127713069
INFO: [ app_init ] --START--
INFO: Run Behavior\BuildLiteBehavior [ RunTime:0.000053s ]
INFO: [ app_init ] --END-- [ RunTime:0.000618s ]
INFO: [ app_begin ] --START--
INFO: Run Behavior\ReadHtmlCacheBehavior [ RunTime:0.000602s ]
INFO: [ app_begin ] --END-- [ RunTime:0.000843s ]
NOTIC: [2048] Declaration of Home\Controller\IndexController::show() should be compatible with that of Think\Controller::show() D:\wamp\www\WechatPlatform\APP\Home\Controller\IndexController.class.php 第 190 行.
NOTIC: [8] Undefined index: echostr D:\wamp\www\WechatPlatform\APP\Home\Controller\IndexController.class.php 第 16 行.
INFO: [ app_end ] --START--
INFO: Run Behavior\ShowPageTraceBehavior [ RunTime:0.000623s ]
INFO: [ app_end ] --END-- [ RunTime:0.000863s ]

[ 2016-05-03T10:41:12+08:00 ] 140.207.54.76 /WechatPlatform/index.php/Home/Index/index?signature=d8574c016f807366cc9e6931362a035f77d6e772&timestamp=1462243272&nonce=1311882576
INFO: [ app_init ] --START--
INFO: Run Behavior\BuildLiteBehavior [ RunTime:0.000051s ]
INFO: [ app_init ] --END-- [ RunTime:0.000792s ]
INFO: [ app_begin ] --START--
INFO: Run Behavior\ReadHtmlCacheBehavior [ RunTime:0.000787s ]
INFO: [ app_begin ] --END-- [ RunTime:0.001029s ]
NOTIC: [2048] Declaration of Home\Controller\IndexController::show() should be compatible with that of Think\Controller::show() D:\wamp\www\WechatPlatform\APP\Home\Controller\IndexController.class.php 第 190 行.
NOTIC: [8] Undefined index: echostr D:\wamp\www\WechatPlatform\APP\Home\Controller\IndexController.class.php 第 16 行.
INFO: [ app_end ] --START--
INFO: Run Behavior\ShowPageTraceBehavior [ RunTime:0.000835s ]
INFO: [ app_end ] --END-- [ RunTime:0.001182s ]

[ 2016-05-03T10:41:13+08:00 ] 140.207.54.76 /WechatPlatform/index.php/Home/Index/index?signature=23c1ab552694ddd2137ce8b7bbdd825d93cbd41c&timestamp=1462243273&nonce=2019362543
INFO: [ app_init ] --START--
INFO: Run Behavior\BuildLiteBehavior [ RunTime:0.000050s ]
INFO: [ app_init ] --END-- [ RunTime:0.000594s ]
INFO: [ app_begin ] --START--
INFO: Run Behavior\ReadHtmlCacheBehavior [ RunTime:0.000592s ]
INFO: [ app_begin ] --END-- [ RunTime:0.000833s ]
NOTIC: [2048] Declaration of Home\Controller\IndexController::show() should be compatible with that of Think\Controller::show() D:\wamp\www\WechatPlatform\APP\Home\Controller\IndexController.class.php 第 190 行.
NOTIC: [8] Undefined index: echostr D:\wamp\www\WechatPlatform\APP\Home\Controller\IndexController.class.php 第 16 行.
INFO: [ app_end ] --START--
INFO: Run Behavior\ShowPageTraceBehavior [ RunTime:0.000621s ]
INFO: [ app_end ] --END-- [ RunTime:0.000858s ]

[ 2016-05-03T10:45:14+08:00 ] 140.207.54.76 /WechatPlatform/index.php/Home/Index/index?signature=7753f72219b7cad86c77806a06a6fbf8e3fcbf15&timestamp=1462243514&nonce=1490794881
INFO: [ app_init ] --START--
INFO: Run Behavior\BuildLiteBehavior [ RunTime:0.000051s ]
INFO: [ app_init ] --END-- [ RunTime:0.001016s ]
INFO: [ app_begin ] --START--
INFO: Run Behavior\ReadHtmlCacheBehavior [ RunTime:0.001094s ]
INFO: [ app_begin ] --END-- [ RunTime:0.001343s ]
NOTIC: [2048] Declaration of Home\Controller\IndexController::show() should be compatible with that of Think\Controller::show() D:\wamp\www\WechatPlatform\APP\Home\Controller\IndexController.class.php 第 207 行.
NOTIC: [8] Undefined index: echostr D:\wamp\www\WechatPlatform\APP\Home\Controller\IndexController.class.php 第 16 行.
INFO: [ app_end ] --START--
INFO: Run Behavior\ShowPageTraceBehavior [ RunTime:0.001007s ]
INFO: [ app_end ] --END-- [ RunTime:0.001284s ]

[ 2016-05-03T10:45:15+08:00 ] 140.207.54.76 /WechatPlatform/index.php/Home/Index/index?signature=78c0d9d157d0f12d0fa55850a29b4b117936d6be&timestamp=1462243515&nonce=410976708
INFO: [ app_init ] --START--
INFO: Run Behavior\BuildLiteBehavior [ RunTime:0.000050s ]
INFO: [ app_init ] --END-- [ RunTime:0.000604s ]
INFO: [ app_begin ] --START--
INFO: Run Behavior\ReadHtmlCacheBehavior [ RunTime:0.000598s ]
INFO: [ app_begin ] --END-- [ RunTime:0.001027s ]
NOTIC: [2048] Declaration of Home\Controller\IndexController::show() should be compatible with that of Think\Controller::show() D:\wamp\www\WechatPlatform\APP\Home\Controller\IndexController.class.php 第 207 行.
NOTIC: [8] Undefined index: echostr D:\wamp\www\WechatPlatform\APP\Home\Controller\IndexController.class.php 第 16 行.
INFO: [ app_end ] --START--
INFO: Run Behavior\ShowPageTraceBehavior [ RunTime:0.000614s ]
INFO: [ app_end ] --END-- [ RunTime:0.000860s ]

[ 2016-05-03T10:45:17+08:00 ] 140.207.54.76 /WechatPlatform/index.php/Home/Index/index?signature=cbcc203292ea32984226ccf50c7a544cad729d1c&timestamp=1462243517&nonce=1834495704
INFO: [ app_init ] --START--
INFO: Run Behavior\BuildLiteBehavior [ RunTime:0.000064s ]
INFO: [ app_init ] --END-- [ RunTime:0.000626s ]
INFO: [ app_begin ] --START--
INFO: Run Behavior\ReadHtmlCacheBehavior [ RunTime:0.000603s ]
INFO: [ app_begin ] --END-- [ RunTime:0.000842s ]
NOTIC: [2048] Declaration of Home\Controller\IndexController::show() should be compatible with that of Think\Controller::show() D:\wamp\www\WechatPlatform\APP\Home\Controller\IndexController.class.php 第 207 行.
NOTIC: [8] Undefined index: echostr D:\wamp\www\WechatPlatform\APP\Home\Controller\IndexController.class.php 第 16 行.
INFO: [ app_end ] --START--
INFO: Run Behavior\ShowPageTraceBehavior [ RunTime:0.000621s ]
INFO: [ app_end ] --END-- [ RunTime:0.000859s ]

[ 2016-05-03T10:45:19+08:00 ] 140.207.54.77 /WechatPlatform/index.php/Home/Index/index?signature=c4cf3d45b1d074a4a88553d3d131db766d54544c&timestamp=1462243519&nonce=1571205563
INFO: [ app_init ] --START--
INFO: Run Behavior\BuildLiteBehavior [ RunTime:0.000050s ]
INFO: [ app_init ] --END-- [ RunTime:0.000590s ]
INFO: [ app_begin ] --START--
INFO: Run Behavior\ReadHtmlCacheBehavior [ RunTime:0.000586s ]
INFO: [ app_begin ] --END-- [ RunTime:0.000826s ]
NOTIC: [2048] Declaration of Home\Controller\IndexController::show() should be compatible with that of Think\Controller::show() D:\wamp\www\WechatPlatform\APP\Home\Controller\IndexController.class.php 第 207 行.
NOTIC: [8] Undefined index: echostr D:\wamp\www\WechatPlatform\APP\Home\Controller\IndexController.class.php 第 16 行.
INFO: [ app_end ] --START--
INFO: Run Behavior\ShowPageTraceBehavior [ RunTime:0.000613s ]
INFO: [ app_end ] --END-- [ RunTime:0.000850s ]

[ 2016-05-03T10:53:07+08:00 ] 140.207.54.76 /WechatPlatform/index.php/Home/Index/index?signature=6ec40804b0f0ac452978449552bbb1920b29a162&timestamp=1462243987&nonce=1089709837
INFO: [ app_init ] --START--
INFO: Run Behavior\BuildLiteBehavior [ RunTime:0.000052s ]
INFO: [ app_init ] --END-- [ RunTime:0.000641s ]
INFO: [ app_begin ] --START--
INFO: Run Behavior\ReadHtmlCacheBehavior [ RunTime:0.000718s ]
INFO: [ app_begin ] --END-- [ RunTime:0.000971s ]
NOTIC: [2048] Declaration of Home\Controller\IndexController::show() should be compatible with that of Think\Controller::show() D:\wamp\www\WechatPlatform\APP\Home\Controller\IndexController.class.php 第 207 行.
NOTIC: [8] Undefined index: echostr D:\wamp\www\WechatPlatform\APP\Home\Controller\IndexController.class.php 第 16 行.
INFO: [ app_end ] --START--
INFO: Run Behavior\ShowPageTraceBehavior [ RunTime:0.000716s ]
INFO: [ app_end ] --END-- [ RunTime:0.000966s ]

[ 2016-05-03T10:53:17+08:00 ] 140.207.54.76 /WechatPlatform/index.php/Home/Index/index?signature=5aaa9212aa4f5a66559f06be8cb382838a242934&timestamp=1462243997&nonce=997350749
INFO: [ app_init ] --START--
INFO: Run Behavior\BuildLiteBehavior [ RunTime:0.000049s ]
INFO: [ app_init ] --END-- [ RunTime:0.000615s ]
INFO: [ app_begin ] --START--
INFO: Run Behavior\ReadHtmlCacheBehavior [ RunTime:0.000591s ]
INFO: [ app_begin ] --END-- [ RunTime:0.000831s ]
NOTIC: [2048] Declaration of Home\Controller\IndexController::show() should be compatible with that of Think\Controller::show() D:\wamp\www\WechatPlatform\APP\Home\Controller\IndexController.class.php 第 207 行.
NOTIC: [8] Undefined index: echostr D:\wamp\www\WechatPlatform\APP\Home\Controller\IndexController.class.php 第 16 行.
INFO: [ app_end ] --START--
INFO: Run Behavior\ShowPageTraceBehavior [ RunTime:0.000612s ]
INFO: [ app_end ] --END-- [ RunTime:0.000853s ]

[ 2016-05-03T10:53:19+08:00 ] 140.207.54.76 /WechatPlatform/index.php/Home/Index/index?signature=53d54b3a39812e935cd6af55c49d63406ef907fa&timestamp=1462243999&nonce=523379815
INFO: [ app_init ] --START--
INFO: Run Behavior\BuildLiteBehavior [ RunTime:0.000053s ]
INFO: [ app_init ] --END-- [ RunTime:0.000609s ]
INFO: [ app_begin ] --START--
INFO: Run Behavior\ReadHtmlCacheBehavior [ RunTime:0.000600s ]
INFO: [ app_begin ] --END-- [ RunTime:0.000858s ]
NOTIC: [2048] Declaration of Home\Controller\IndexController::show() should be compatible with that of Think\Controller::show() D:\wamp\www\WechatPlatform\APP\Home\Controller\IndexController.class.php 第 207 行.
NOTIC: [8] Undefined index: echostr D:\wamp\www\WechatPlatform\APP\Home\Controller\IndexController.class.php 第 16 行.
INFO: [ app_end ] --START--
INFO: Run Behavior\ShowPageTraceBehavior [ RunTime:0.000612s ]
INFO: [ app_end ] --END-- [ RunTime:0.000851s ]

[ 2016-05-03T10:53:21+08:00 ] 140.207.54.76 /WechatPlatform/index.php/Home/Index/index?signature=7569c55661972bb06a0964985752ac6490b76dcc&timestamp=1462244001&nonce=563834034
INFO: [ app_init ] --START--
INFO: Run Behavior\BuildLiteBehavior [ RunTime:0.000049s ]
INFO: [ app_init ] --END-- [ RunTime:0.000587s ]
INFO: [ app_begin ] --START--
INFO: Run Behavior\ReadHtmlCacheBehavior [ RunTime:0.000609s ]
INFO: [ app_begin ] --END-- [ RunTime:0.000850s ]
NOTIC: [2048] Declaration of Home\Controller\IndexController::show() should be compatible with that of Think\Controller::show() D:\wamp\www\WechatPlatform\APP\Home\Controller\IndexController.class.php 第 207 行.
NOTIC: [8] Undefined index: echostr D:\wamp\www\WechatPlatform\APP\Home\Controller\IndexController.class.php 第 16 行.
INFO: [ app_end ] --START--
INFO: Run Behavior\ShowPageTraceBehavior [ RunTime:0.000629s ]
INFO: [ app_end ] --END-- [ RunTime:0.000876s ]

[ 2016-05-03T10:53:29+08:00 ] 140.207.54.79 /WechatPlatform/index.php/Home/Index/index?signature=037547d725b80b427176a22e795c9db727effd5f&timestamp=1462244009&nonce=757930365
INFO: [ app_init ] --START--
INFO: Run Behavior\BuildLiteBehavior [ RunTime:0.000050s ]
INFO: [ app_init ] --END-- [ RunTime:0.000710s ]
INFO: [ app_begin ] --START--
INFO: Run Behavior\ReadHtmlCacheBehavior [ RunTime:0.000883s ]
INFO: [ app_begin ] --END-- [ RunTime:0.001208s ]
NOTIC: [2048] Declaration of Home\Controller\IndexController::show() should be compatible with that of Think\Controller::show() D:\wamp\www\WechatPlatform\APP\Home\Controller\IndexController.class.php 第 207 行.
NOTIC: [8] Undefined index: echostr D:\wamp\www\WechatPlatform\APP\Home\Controller\IndexController.class.php 第 16 行.
INFO: [ app_end ] --START--
INFO: Run Behavior\ShowPageTraceBehavior [ RunTime:0.000710s ]
INFO: [ app_end ] --END-- [ RunTime:0.000950s ]

[ 2016-05-03T13:09:38+08:00 ] 140.207.54.76 /WechatPlatform/index.php/Home/Index/index?signature=61acc9579c3b0f61f7abced5fcd218b418e7bd1b&timestamp=1462252178&nonce=231228117
INFO: [ app_init ] --START--
INFO: Run Behavior\BuildLiteBehavior [ RunTime:0.000066s ]
INFO: [ app_init ] --END-- [ RunTime:0.000708s ]
INFO: [ app_begin ] --START--
INFO: Run Behavior\ReadHtmlCacheBehavior [ RunTime:0.000715s ]
INFO: [ app_begin ] --END-- [ RunTime:0.000987s ]
NOTIC: [2048] Declaration of Home\Controller\IndexController::show() should be compatible with that of Think\Controller::show() D:\wamp\www\WechatPlatform\APP\Home\Controller\IndexController.class.php 第 207 行.
NOTIC: [8] Undefined index: echostr D:\wamp\www\WechatPlatform\APP\Home\Controller\IndexController.class.php 第 16 行.
INFO: [ app_end ] --START--
INFO: Run Behavior\ShowPageTraceBehavior [ RunTime:0.000776s ]
INFO: [ app_end ] --END-- [ RunTime:0.001031s ]

[ 2016-05-03T13:09:40+08:00 ] 140.207.54.80 /WechatPlatform/index.php/Home/Index/index?signature=2ad1216d56fdaf2d51aa3aef4491226f8ca2298e&timestamp=1462252180&nonce=693103534
INFO: [ app_init ] --START--
INFO: Run Behavior\BuildLiteBehavior [ RunTime:0.000049s ]
INFO: [ app_init ] --END-- [ RunTime:0.000653s ]
INFO: [ app_begin ] --START--
INFO: Run Behavior\ReadHtmlCacheBehavior [ RunTime:0.000587s ]
INFO: [ app_begin ] --END-- [ RunTime:0.000829s ]
NOTIC: [2048] Declaration of Home\Controller\IndexController::show() should be compatible with that of Think\Controller::show() D:\wamp\www\WechatPlatform\APP\Home\Controller\IndexController.class.php 第 207 行.
NOTIC: [8] Undefined index: echostr D:\wamp\www\WechatPlatform\APP\Home\Controller\IndexController.class.php 第 16 行.
INFO: [ app_end ] --START--
INFO: Run Behavior\ShowPageTraceBehavior [ RunTime:0.000614s ]
INFO: [ app_end ] --END-- [ RunTime:0.000852s ]

[ 2016-05-03T13:09:42+08:00 ] 140.207.54.76 /WechatPlatform/index.php/Home/Index/index?signature=98ad19c32f4b3d58c2ece13eb6b4d08a0702fbef&timestamp=1462252182&nonce=785110897
INFO: [ app_init ] --START--
INFO: Run Behavior\BuildLiteBehavior [ RunTime:0.000050s ]
INFO: [ app_init ] --END-- [ RunTime:0.000590s ]
INFO: [ app_begin ] --START--
INFO: Run Behavior\ReadHtmlCacheBehavior [ RunTime:0.000597s ]
INFO: [ app_begin ] --END-- [ RunTime:0.000856s ]
NOTIC: [2048] Declaration of Home\Controller\IndexController::show() should be compatible with that of Think\Controller::show() D:\wamp\www\WechatPlatform\APP\Home\Controller\IndexController.class.php 第 207 行.
NOTIC: [8] Undefined index: echostr D:\wamp\www\WechatPlatform\APP\Home\Controller\IndexController.class.php 第 16 行.
INFO: [ app_end ] --START--
INFO: Run Behavior\ShowPageTraceBehavior [ RunTime:0.000723s ]
INFO: [ app_end ] --END-- [ RunTime:0.000965s ]

[ 2016-05-03T13:09:43+08:00 ] 140.207.54.76 /WechatPlatform/index.php/Home/Index/index?signature=32a13f296ac1e7dc903c587a497f5a253dc54aea&timestamp=1462252183&nonce=1851655343
INFO: [ app_init ] --START--
INFO: Run Behavior\BuildLiteBehavior [ RunTime:0.000060s ]
INFO: [ app_init ] --END-- [ RunTime:0.000653s ]
INFO: [ app_begin ] --START--
INFO: Run Behavior\ReadHtmlCacheBehavior [ RunTime:0.001934s ]
INFO: [ app_begin ] --END-- [ RunTime:0.002179s ]
NOTIC: [2048] Declaration of Home\Controller\IndexController::show() should be compatible with that of Think\Controller::show() D:\wamp\www\WechatPlatform\APP\Home\Controller\IndexController.class.php 第 207 行.
NOTIC: [8] Undefined index: echostr D:\wamp\www\WechatPlatform\APP\Home\Controller\IndexController.class.php 第 16 行.
INFO: [ app_end ] --START--
INFO: Run Behavior\ShowPageTraceBehavior [ RunTime:0.000679s ]
INFO: [ app_end ] --END-- [ RunTime:0.000920s ]

[ 2016-05-03T13:09:48+08:00 ] 140.207.54.76 /WechatPlatform/index.php/Home/Index/index?signature=7e34816eef9430f26c61784a4d8e4598b8377326&timestamp=1462252188&nonce=278770660
INFO: [ app_init ] --START--
INFO: Run Behavior\BuildLiteBehavior [ RunTime:0.000053s ]
INFO: [ app_init ] --END-- [ RunTime:0.000620s ]
INFO: [ app_begin ] --START--
INFO: Run Behavior\ReadHtmlCacheBehavior [ RunTime:0.000613s ]
INFO: [ app_begin ] --END-- [ RunTime:0.000858s ]
NOTIC: [2048] Declaration of Home\Controller\IndexController::show() should be compatible with that of Think\Controller::show() D:\wamp\www\WechatPlatform\APP\Home\Controller\IndexController.class.php 第 207 行.
NOTIC: [8] Undefined index: echostr D:\wamp\www\WechatPlatform\APP\Home\Controller\IndexController.class.php 第 16 行.
INFO: [ app_end ] --START--
INFO: Run Behavior\ShowPageTraceBehavior [ RunTime:0.000634s ]
INFO: [ app_end ] --END-- [ RunTime:0.000875s ]

[ 2016-05-03T14:55:22+08:00 ] 140.207.54.76 /WechatPlatform/index.php/Home/Index/index?signature=709605573984df64f53f895586ae0e9dce8ae1dc&timestamp=1462258522&nonce=1812384012
INFO: [ app_init ] --START--
INFO: Run Behavior\BuildLiteBehavior [ RunTime:0.000052s ]
INFO: [ app_init ] --END-- [ RunTime:0.000655s ]
INFO: [ app_begin ] --START--
INFO: Run Behavior\ReadHtmlCacheBehavior [ RunTime:0.000698s ]
INFO: [ app_begin ] --END-- [ RunTime:0.000941s ]
NOTIC: [2048] Declaration of Home\Controller\IndexController::show() should be compatible with that of Think\Controller::show() D:\wamp\www\WechatPlatform\APP\Home\Controller\IndexController.class.php 第 208 行.
NOTIC: [8] Undefined index: echostr D:\wamp\www\WechatPlatform\APP\Home\Controller\IndexController.class.php 第 16 行.

[ 2016-05-03T14:55:26+08:00 ] 140.207.54.76 /WechatPlatform/index.php/Home/Index/index?signature=94d3dadb60275b778715b3b8adb98042d9f4ed29&timestamp=1462258526&nonce=297932374
INFO: [ app_init ] --START--
INFO: Run Behavior\BuildLiteBehavior [ RunTime:0.000050s ]
INFO: [ app_init ] --END-- [ RunTime:0.000660s ]
INFO: [ app_begin ] --START--
INFO: Run Behavior\ReadHtmlCacheBehavior [ RunTime:0.000764s ]
INFO: [ app_begin ] --END-- [ RunTime:0.001017s ]
NOTIC: [2048] Declaration of Home\Controller\IndexController::show() should be compatible with that of Think\Controller::show() D:\wamp\www\WechatPlatform\APP\Home\Controller\IndexController.class.php 第 208 行.
NOTIC: [8] Undefined index: echostr D:\wamp\www\WechatPlatform\APP\Home\Controller\IndexController.class.php 第 16 行.
INFO: [ app_end ] --START--
INFO: Run Behavior\ShowPageTraceBehavior [ RunTime:0.000760s ]
INFO: [ app_end ] --END-- [ RunTime:0.000999s ]

[ 2016-05-03T14:55:28+08:00 ] 140.207.54.76 /WechatPlatform/index.php/Home/Index/index?signature=e44399ee352b4e9e51cca03bd65c0085fb49915c&timestamp=1462258528&nonce=211820607
INFO: [ app_init ] --START--
INFO: Run Behavior\BuildLiteBehavior [ RunTime:0.000049s ]
INFO: [ app_init ] --END-- [ RunTime:0.000601s ]
INFO: [ app_begin ] --START--
INFO: Run Behavior\ReadHtmlCacheBehavior [ RunTime:0.000667s ]
INFO: [ app_begin ] --END-- [ RunTime:0.000937s ]
NOTIC: [2048] Declaration of Home\Controller\IndexController::show() should be compatible with that of Think\Controller::show() D:\wamp\www\WechatPlatform\APP\Home\Controller\IndexController.class.php 第 208 行.
NOTIC: [8] Undefined index: echostr D:\wamp\www\WechatPlatform\APP\Home\Controller\IndexController.class.php 第 16 行.

[ 2016-05-03T14:56:12+08:00 ] 140.207.54.76 /WechatPlatform/index.php/Home/Index/index?signature=0c0375e6501eb8425545245f3f69356e34dbcfcd&timestamp=1462258572&nonce=2020929001
INFO: [ app_init ] --START--
INFO: Run Behavior\BuildLiteBehavior [ RunTime:0.000048s ]
INFO: [ app_init ] --END-- [ RunTime:0.000629s ]
INFO: [ app_begin ] --START--
INFO: Run Behavior\ReadHtmlCacheBehavior [ RunTime:0.000599s ]
INFO: [ app_begin ] --END-- [ RunTime:0.000839s ]
NOTIC: [2048] Declaration of Home\Controller\IndexController::show() should be compatible with that of Think\Controller::show() D:\wamp\www\WechatPlatform\APP\Home\Controller\IndexController.class.php 第 208 行.
NOTIC: [8] Undefined index: echostr D:\wamp\www\WechatPlatform\APP\Home\Controller\IndexController.class.php 第 16 行.

[ 2016-05-03T14:58:05+08:00 ] 140.207.54.80 /WechatPlatform/index.php/Home/Index/index?signature=88797e090677dcead29a860a8269c01fa8bc3a55&timestamp=1462258685&nonce=1466290976
INFO: [ app_init ] --START--
INFO: Run Behavior\BuildLiteBehavior [ RunTime:0.000053s ]
INFO: [ app_init ] --END-- [ RunTime:0.000668s ]
INFO: [ app_begin ] --START--
INFO: Run Behavior\ReadHtmlCacheBehavior [ RunTime:0.000843s ]
INFO: [ app_begin ] --END-- [ RunTime:0.001110s ]
NOTIC: [2048] Declaration of Home\Controller\IndexController::show() should be compatible with that of Think\Controller::show() D:\wamp\www\WechatPlatform\APP\Home\Controller\IndexController.class.php 第 208 行.
NOTIC: [8] Undefined index: echostr D:\wamp\www\WechatPlatform\APP\Home\Controller\IndexController.class.php 第 16 行.

[ 2016-05-03T14:58:10+08:00 ] 140.207.54.76 /WechatPlatform/index.php/Home/Index/index?signature=472cbfef3285a07539351e676e0218ff349ee4e7&timestamp=1462258690&nonce=936022185
INFO: [ app_init ] --START--
INFO: Run Behavior\BuildLiteBehavior [ RunTime:0.000072s ]
INFO: [ app_init ] --END-- [ RunTime:0.000877s ]
INFO: [ app_begin ] --START--
INFO: Run Behavior\ReadHtmlCacheBehavior [ RunTime:0.000636s ]
INFO: [ app_begin ] --END-- [ RunTime:0.000877s ]
NOTIC: [2048] Declaration of Home\Controller\IndexController::show() should be compatible with that of Think\Controller::show() D:\wamp\www\WechatPlatform\APP\Home\Controller\IndexController.class.php 第 208 行.
NOTIC: [8] Undefined index: echostr D:\wamp\www\WechatPlatform\APP\Home\Controller\IndexController.class.php 第 16 行.
INFO: [ app_end ] --START--
INFO: Run Behavior\ShowPageTraceBehavior [ RunTime:0.000686s ]
INFO: [ app_end ] --END-- [ RunTime:0.000925s ]

[ 2016-05-03T14:58:11+08:00 ] 140.207.54.76 /WechatPlatform/index.php/Home/Index/index?signature=c3155dc0239afcf3e796d1827ba7a6207d44ec83&timestamp=1462258691&nonce=1485316744
INFO: [ app_init ] --START--
INFO: Run Behavior\BuildLiteBehavior [ RunTime:0.000091s ]
INFO: [ app_init ] --END-- [ RunTime:0.000750s ]
INFO: [ app_begin ] --START--
INFO: Run Behavior\ReadHtmlCacheBehavior [ RunTime:0.000781s ]
INFO: [ app_begin ] --END-- [ RunTime:0.001122s ]
NOTIC: [2048] Declaration of Home\Controller\IndexController::show() should be compatible with that of Think\Controller::show() D:\wamp\www\WechatPlatform\APP\Home\Controller\IndexController.class.php 第 208 行.
NOTIC: [8] Undefined index: echostr D:\wamp\www\WechatPlatform\APP\Home\Controller\IndexController.class.php 第 16 行.

[ 2016-05-03T15:00:23+08:00 ] 140.207.54.78 /WechatPlatform/index.php/Home/Index/index?signature=1fa4bb6e044147ec4fb843d4f0af2879b0695ddf&timestamp=1462258823&nonce=1222973030
INFO: [ app_init ] --START--
INFO: Run Behavior\BuildLiteBehavior [ RunTime:0.000052s ]
INFO: [ app_init ] --END-- [ RunTime:0.000928s ]
INFO: [ app_begin ] --START--
INFO: Run Behavior\ReadHtmlCacheBehavior [ RunTime:0.000690s ]
INFO: [ app_begin ] --END-- [ RunTime:0.000935s ]
NOTIC: [2048] Declaration of Home\Controller\IndexController::show() should be compatible with that of Think\Controller::show() D:\wamp\www\WechatPlatform\APP\Home\Controller\IndexController.class.php 第 208 行.
NOTIC: [8] Undefined index: echostr D:\wamp\www\WechatPlatform\APP\Home\Controller\IndexController.class.php 第 16 行.

[ 2016-05-03T15:00:28+08:00 ] 140.207.54.76 /WechatPlatform/index.php/Home/Index/index?signature=094937f1924eac522df4cd60c0921a9248b995da&timestamp=1462258828&nonce=817758023
INFO: [ app_init ] --START--
INFO: Run Behavior\BuildLiteBehavior [ RunTime:0.000049s ]
INFO: [ app_init ] --END-- [ RunTime:0.000598s ]
INFO: [ app_begin ] --START--
INFO: Run Behavior\ReadHtmlCacheBehavior [ RunTime:0.000591s ]
INFO: [ app_begin ] --END-- [ RunTime:0.000831s ]
NOTIC: [2048] Declaration of Home\Controller\IndexController::show() should be compatible with that of Think\Controller::show() D:\wamp\www\WechatPlatform\APP\Home\Controller\IndexController.class.php 第 208 行.
NOTIC: [8] Undefined index: echostr D:\wamp\www\WechatPlatform\APP\Home\Controller\IndexController.class.php 第 16 行.

[ 2016-05-03T15:00:32+08:00 ] 140.207.54.76 /WechatPlatform/index.php/Home/Index/index?signature=4b011f24d4e4446616d4752c369d3cd80ea52e1b&timestamp=1462258832&nonce=1395808078
INFO: [ app_init ] --START--
INFO: Run Behavior\BuildLiteBehavior [ RunTime:0.000052s ]
INFO: [ app_init ] --END-- [ RunTime:0.000658s ]
INFO: [ app_begin ] --START--
INFO: Run Behavior\ReadHtmlCacheBehavior [ RunTime:0.000636s ]
INFO: [ app_begin ] --END-- [ RunTime:0.000875s ]
NOTIC: [2048] Declaration of Home\Controller\IndexController::show() should be compatible with that of Think\Controller::show() D:\wamp\www\WechatPlatform\APP\Home\Controller\IndexController.class.php 第 208 行.
NOTIC: [8] Undefined index: echostr D:\wamp\www\WechatPlatform\APP\Home\Controller\IndexController.class.php 第 16 行.
INFO: [ app_end ] --START--
INFO: Run Behavior\ShowPageTraceBehavior [ RunTime:0.000700s ]
INFO: [ app_end ] --END-- [ RunTime:0.000936s ]

[ 2016-05-03T15:00:35+08:00 ] 140.207.54.80 /WechatPlatform/index.php/Home/Index/index?signature=6e3ebed23512bd7fbe65ab9957c653ae182f5aca&timestamp=1462258835&nonce=1292493437
INFO: [ app_init ] --START--
INFO: Run Behavior\BuildLiteBehavior [ RunTime:0.000050s ]
INFO: [ app_init ] --END-- [ RunTime:0.000594s ]
INFO: [ app_begin ] --START--
INFO: Run Behavior\ReadHtmlCacheBehavior [ RunTime:0.000608s ]
INFO: [ app_begin ] --END-- [ RunTime:0.000849s ]
NOTIC: [2048] Declaration of Home\Controller\IndexController::show() should be compatible with that of Think\Controller::show() D:\wamp\www\WechatPlatform\APP\Home\Controller\IndexController.class.php 第 208 行.
NOTIC: [8] Undefined index: echostr D:\wamp\www\WechatPlatform\APP\Home\Controller\IndexController.class.php 第 16 行.
INFO: [ app_end ] --START--
INFO: Run Behavior\ShowPageTraceBehavior [ RunTime:0.000665s ]
INFO: [ app_end ] --END-- [ RunTime:0.000906s ]

[ 2016-05-03T15:00:36+08:00 ] 140.207.54.76 /WechatPlatform/index.php/Home/Index/index?signature=96e0209cf92fa0a8e278422b7052681e55ff02f4&timestamp=1462258836&nonce=41519645
INFO: [ app_init ] --START--
INFO: Run Behavior\BuildLiteBehavior [ RunTime:0.000049s ]
INFO: [ app_init ] --END-- [ RunTime:0.000614s ]
INFO: [ app_begin ] --START--
INFO: Run Behavior\ReadHtmlCacheBehavior [ RunTime:0.000730s ]
INFO: [ app_begin ] --END-- [ RunTime:0.000994s ]
NOTIC: [2048] Declaration of Home\Controller\IndexController::show() should be compatible with that of Think\Controller::show() D:\wamp\www\WechatPlatform\APP\Home\Controller\IndexController.class.php 第 208 行.
NOTIC: [8] Undefined index: echostr D:\wamp\www\WechatPlatform\APP\Home\Controller\IndexController.class.php 第 16 行.
INFO: [ app_end ] --START--
INFO: Run Behavior\ShowPageTraceBehavior [ RunTime:0.000691s ]
INFO: [ app_end ] --END-- [ RunTime:0.000939s ]

[ 2016-05-03T15:02:15+08:00 ] 140.207.54.77 /WechatPlatform/index.php/Home/Index/index?signature=6bcf76eeb948d7c6839a992cb3e961cbe1ab0ad9&timestamp=1462258935&nonce=719667352
INFO: [ app_init ] --START--
INFO: Run Behavior\BuildLiteBehavior [ RunTime:0.000053s ]
INFO: [ app_init ] --END-- [ RunTime:0.000667s ]
INFO: [ app_begin ] --START--
INFO: Run Behavior\ReadHtmlCacheBehavior [ RunTime:0.000662s ]
INFO: [ app_begin ] --END-- [ RunTime:0.000919s ]
NOTIC: [2048] Declaration of Home\Controller\IndexController::show() should be compatible with that of Think\Controller::show() D:\wamp\www\WechatPlatform\APP\Home\Controller\IndexController.class.php 第 208 行.
NOTIC: [8] Undefined index: echostr D:\wamp\www\WechatPlatform\APP\Home\Controller\IndexController.class.php 第 16 行.

[ 2016-05-03T23:04:40+08:00 ] 140.207.54.76 /WechatPlatform/index.php/Home/Index/index?signature=eaa35f873075b8ec40db3a2df1a82f1ee95e418c&timestamp=1462287880&nonce=892209547
INFO: [ app_init ] --START--
INFO: Run Behavior\BuildLiteBehavior [ RunTime:0.000050s ]
INFO: [ app_init ] --END-- [ RunTime:0.000860s ]
INFO: [ app_begin ] --START--
INFO: Run Behavior\ReadHtmlCacheBehavior [ RunTime:0.001176s ]
INFO: [ app_begin ] --END-- [ RunTime:0.001444s ]
NOTIC: [2048] Declaration of Home\Controller\IndexController::show() should be compatible with that of Think\Controller::show() D:\wamp\www\WechatPlatform\APP\Home\Controller\IndexController.class.php 第 208 行.
NOTIC: [8] Undefined index: echostr D:\wamp\www\WechatPlatform\APP\Home\Controller\IndexController.class.php 第 16 行.
INFO: [ app_end ] --START--
INFO: Run Behavior\ShowPageTraceBehavior [ RunTime:0.000992s ]
INFO: [ app_end ] --END-- [ RunTime:0.001231s ]

[ 2016-05-03T23:04:41+08:00 ] 140.207.54.76 /WechatPlatform/index.php/Home/Index/index?signature=577084e27ca5a8d4d0880724414802405b0013ba&timestamp=1462287881&nonce=1093280367
INFO: [ app_init ] --START--
INFO: Run Behavior\BuildLiteBehavior [ RunTime:0.000064s ]
INFO: [ app_init ] --END-- [ RunTime:0.000628s ]
INFO: [ app_begin ] --START--
INFO: Run Behavior\ReadHtmlCacheBehavior [ RunTime:0.000603s ]
INFO: [ app_begin ] --END-- [ RunTime:0.000860s ]
NOTIC: [2048] Declaration of Home\Controller\IndexController::show() should be compatible with that of Think\Controller::show() D:\wamp\www\WechatPlatform\APP\Home\Controller\IndexController.class.php 第 208 行.
NOTIC: [8] Undefined index: echostr D:\wamp\www\WechatPlatform\APP\Home\Controller\IndexController.class.php 第 16 行.
INFO: [ app_end ] --START--
INFO: Run Behavior\ShowPageTraceBehavior [ RunTime:0.000637s ]
INFO: [ app_end ] --END-- [ RunTime:0.000875s ]

[ 2016-05-03T23:04:42+08:00 ] 140.207.54.76 /WechatPlatform/index.php/Home/Index/index?signature=5c82f57504e394b1b84971388835964230b915f9&timestamp=1462287882&nonce=2069268226
INFO: [ app_init ] --START--
INFO: Run Behavior\BuildLiteBehavior [ RunTime:0.000057s ]
INFO: [ app_init ] --END-- [ RunTime:0.000614s ]
INFO: [ app_begin ] --START--
INFO: Run Behavior\ReadHtmlCacheBehavior [ RunTime:0.000624s ]
INFO: [ app_begin ] --END-- [ RunTime:0.000865s ]
NOTIC: [2048] Declaration of Home\Controller\IndexController::show() should be compatible with that of Think\Controller::show() D:\wamp\www\WechatPlatform\APP\Home\Controller\IndexController.class.php 第 208 行.
NOTIC: [8] Undefined index: echostr D:\wamp\www\WechatPlatform\APP\Home\Controller\IndexController.class.php 第 16 行.

[ 2016-05-03T23:04:44+08:00 ] 140.207.54.76 /WechatPlatform/index.php/Home/Index/index?signature=d25778c6ab04e032a6a19bf0965264aa768bcdc1&timestamp=1462287884&nonce=2053080848
INFO: [ app_init ] --START--
INFO: Run Behavior\BuildLiteBehavior [ RunTime:0.000054s ]
INFO: [ app_init ] --END-- [ RunTime:0.000611s ]
INFO: [ app_begin ] --START--
INFO: Run Behavior\ReadHtmlCacheBehavior [ RunTime:0.000788s ]
INFO: [ app_begin ] --END-- [ RunTime:0.001117s ]
NOTIC: [2048] Declaration of Home\Controller\IndexController::show() should be compatible with that of Think\Controller::show() D:\wamp\www\WechatPlatform\APP\Home\Controller\IndexController.class.php 第 208 行.
NOTIC: [8] Undefined index: echostr D:\wamp\www\WechatPlatform\APP\Home\Controller\IndexController.class.php 第 16 行.
INFO: [ app_end ] --START--
INFO: Run Behavior\ShowPageTraceBehavior [ RunTime:0.000657s ]
INFO: [ app_end ] --END-- [ RunTime:0.000933s ]

