[ 2016-04-30T11:14:43+08:00 ] 58.247.206.151 /WechatPlatform/index.php/Home/Index/index?signature=cc657955a48126616ee108a01c67920b4ebe4a19&timestamp=1461986083&nonce=531978434
INFO: [ app_init ] --START--
INFO: Run Behavior\BuildLiteBehavior [ RunTime:0.000063s ]
INFO: [ app_init ] --END-- [ RunTime:0.001070s ]
INFO: [ app_begin ] --START--
INFO: Run Behavior\ReadHtmlCacheBehavior [ RunTime:0.001039s ]
INFO: [ app_begin ] --END-- [ RunTime:0.001281s ]
NOTIC: [2048] Declaration of Home\Controller\IndexController::show() should be compatible with that of Think\Controller::show() D:\wamp\www\WechatPlatform\APP\Home\Controller\IndexController.class.php 第 185 行.
NOTIC: [8] Undefined index: echostr D:\wamp\www\WechatPlatform\APP\Home\Controller\IndexController.class.php 第 16 行.
INFO: [ app_end ] --START--
INFO: Run Behavior\ShowPageTraceBehavior [ RunTime:0.000967s ]
INFO: [ app_end ] --END-- [ RunTime:0.001207s ]

[ 2016-04-30T11:14:48+08:00 ] 58.247.206.145 /WechatPlatform/index.php/Home/Index/index?signature=311bbc859bbcfb6ce15f5254c0ed6908196e6c98&timestamp=1461986088&nonce=1795047150
INFO: [ app_init ] --START--
INFO: Run Behavior\BuildLiteBehavior [ RunTime:0.000063s ]
INFO: [ app_init ] --END-- [ RunTime:0.000620s ]
INFO: [ app_begin ] --START--
INFO: Run Behavior\ReadHtmlCacheBehavior [ RunTime:0.000605s ]
INFO: [ app_begin ] --END-- [ RunTime:0.000848s ]
NOTIC: [2048] Declaration of Home\Controller\IndexController::show() should be compatible with that of Think\Controller::show() D:\wamp\www\WechatPlatform\APP\Home\Controller\IndexController.class.php 第 185 行.
NOTIC: [8] Undefined index: echostr D:\wamp\www\WechatPlatform\APP\Home\Controller\IndexController.class.php 第 16 行.
INFO: [ app_end ] --START--
INFO: Run Behavior\ShowPageTraceBehavior [ RunTime:0.000876s ]
INFO: [ app_end ] --END-- [ RunTime:0.001155s ]

[ 2016-04-30T11:14:50+08:00 ] 58.247.206.150 /WechatPlatform/index.php/Home/Index/index?signature=e74be5276b70c7e043b0e410083344314e970a04&timestamp=1461986090&nonce=1752065793
INFO: [ app_init ] --START--
INFO: Run Behavior\BuildLiteBehavior [ RunTime:0.000054s ]
INFO: [ app_init ] --END-- [ RunTime:0.000629s ]
INFO: [ app_begin ] --START--
INFO: Run Behavior\ReadHtmlCacheBehavior [ RunTime:0.000637s ]
INFO: [ app_begin ] --END-- [ RunTime:0.000880s ]
NOTIC: [2048] Declaration of Home\Controller\IndexController::show() should be compatible with that of Think\Controller::show() D:\wamp\www\WechatPlatform\APP\Home\Controller\IndexController.class.php 第 185 行.
NOTIC: [8] Undefined index: echostr D:\wamp\www\WechatPlatform\APP\Home\Controller\IndexController.class.php 第 16 行.
INFO: [ app_end ] --START--
INFO: Run Behavior\ShowPageTraceBehavior [ RunTime:0.000640s ]
INFO: [ app_end ] --END-- [ RunTime:0.000879s ]

[ 2016-04-30T11:14:56+08:00 ] 58.247.206.150 /WechatPlatform/index.php/Home/Index/index?signature=339847c22e3f884f79c20037919a6af0e6b78069&timestamp=1461986097&nonce=617681121
INFO: [ app_init ] --START--
INFO: Run Behavior\BuildLiteBehavior [ RunTime:0.000081s ]
INFO: [ app_init ] --END-- [ RunTime:0.000953s ]
INFO: [ app_begin ] --START--
INFO: Run Behavior\ReadHtmlCacheBehavior [ RunTime:0.000651s ]
INFO: [ app_begin ] --END-- [ RunTime:0.000898s ]
NOTIC: [2048] Declaration of Home\Controller\IndexController::show() should be compatible with that of Think\Controller::show() D:\wamp\www\WechatPlatform\APP\Home\Controller\IndexController.class.php 第 185 行.
NOTIC: [8] Undefined index: echostr D:\wamp\www\WechatPlatform\APP\Home\Controller\IndexController.class.php 第 16 行.
INFO: [ app_end ] --START--
INFO: Run Behavior\ShowPageTraceBehavior [ RunTime:0.000663s ]
INFO: [ app_end ] --END-- [ RunTime:0.000906s ]

[ 2016-04-30T11:14:57+08:00 ] 58.247.206.140 /WechatPlatform/index.php/Home/Index/index?signature=35a56e2e79403dfcf3161828954e0e5b994c950c&timestamp=1461986097&nonce=1118572592
INFO: [ app_init ] --START--
INFO: Run Behavior\BuildLiteBehavior [ RunTime:0.000053s ]
INFO: [ app_init ] --END-- [ RunTime:0.000608s ]
INFO: [ app_begin ] --START--
INFO: Run Behavior\ReadHtmlCacheBehavior [ RunTime:0.000620s ]
INFO: [ app_begin ] --END-- [ RunTime:0.000866s ]
NOTIC: [2048] Declaration of Home\Controller\IndexController::show() should be compatible with that of Think\Controller::show() D:\wamp\www\WechatPlatform\APP\Home\Controller\IndexController.class.php 第 185 行.
NOTIC: [8] Undefined index: echostr D:\wamp\www\WechatPlatform\APP\Home\Controller\IndexController.class.php 第 16 行.
INFO: [ app_end ] --START--
INFO: Run Behavior\ShowPageTraceBehavior [ RunTime:0.000630s ]
INFO: [ app_end ] --END-- [ RunTime:0.000929s ]

[ 2016-04-30T11:14:58+08:00 ] 58.247.206.145 /WechatPlatform/index.php/Home/Index/index?signature=029f0cd685c66397b436214231bd8c1a0886ee10&timestamp=1461986098&nonce=642186440
INFO: [ app_init ] --START--
INFO: Run Behavior\BuildLiteBehavior [ RunTime:0.000053s ]
INFO: [ app_init ] --END-- [ RunTime:0.000604s ]
INFO: [ app_begin ] --START--
INFO: Run Behavior\ReadHtmlCacheBehavior [ RunTime:0.000678s ]
INFO: [ app_begin ] --END-- [ RunTime:0.000944s ]
NOTIC: [2048] Declaration of Home\Controller\IndexController::show() should be compatible with that of Think\Controller::show() D:\wamp\www\WechatPlatform\APP\Home\Controller\IndexController.class.php 第 185 行.
NOTIC: [8] Undefined index: echostr D:\wamp\www\WechatPlatform\APP\Home\Controller\IndexController.class.php 第 16 行.
INFO: [ app_end ] --START--
INFO: Run Behavior\ShowPageTraceBehavior [ RunTime:0.000663s ]
INFO: [ app_end ] --END-- [ RunTime:0.000902s ]

